<?xml version="1.0" encoding="UTF-8"?>
<testng-results skipped="0" failed="0" total="1" passed="1">
  <reporter-output>
  </reporter-output>
  <suite name="Default suite" duration-ms="94" started-at="2016-08-30T02:39:04Z" finished-at="2016-08-30T02:39:04Z">
    <groups>
    </groups>
    <test name="Default test" duration-ms="94" started-at="2016-08-30T02:39:04Z" finished-at="2016-08-30T02:39:04Z">
      <class name="com.secyield.service.TestPersonService">
        <test-method status="PASS" signature="testIsOver18()[pri:0, instance:com.secyield.service.TestPersonService@6615435c]" name="testIsOver18" duration-ms="94" started-at="2016-08-30T10:39:04Z" finished-at="2016-08-30T10:39:04Z">
          <reporter-output>
          </reporter-output>
        </test-method> <!-- testIsOver18 -->
      </class> <!-- com.secyield.service.TestPersonService -->
    </test> <!-- Default test -->
  </suite> <!-- Default suite -->
</testng-results>
